{"tag": "function", "depth": 1, "time": 1607916442.3056283, "data": {"name": "start_app", "call_args": {"package": "com.tencent.mm", "activity": null}, "start_time": 1607916441.9006965, "ret": null, "end_time": 1607916442.3056283}}
{"tag": "function", "depth": 1, "time": 1607916444.0115867, "data": {"name": "record_ui", "call_args": {"driver": "<poco.drivers.android.uiautomation.AndroidUiautomationPoco object at 0x00000196B39BADA0>", "action": "'swipe'", "ui": "UIObjectProxy of \"com.tencent.mm:id/czk\"", "args": "([0.5, 0.5], [-0.0076, 0.5723])"}, "start_time": 1607916444.010598, "ret": "UIObjectProxy of \"com.tencent.mm:id/czk\"", "end_time": 1607916444.0115867}}
{"tag": "function", "depth": 2, "time": 1607916445.476296, "data": {"name": "try_log_screen", "call_args": {"screen": null, "quality": null, "max_size": null}, "start_time": 1607916444.458391, "ret": {"screen": "1607916445437.jpg", "resolution": [1080, 2400]}, "end_time": 1607916445.476296}}
{"tag": "function", "depth": 1, "time": 1607916447.2355368, "data": {"name": "swipe", "call_args": {"v1": [540.0, 1200.0], "kwargs": {"duration": 0.5, "steps": 21}, "vector": [-0.007599999999999996, 0.5723], "v2": null}, "start_time": 1607916444.458391, "ret": [[540.0, 1200.0], [532.0, 2573.0]], "end_time": 1607916447.2355368}}
{"tag": "function", "depth": 1, "time": 1607916447.4060557, "data": {"name": "record_ui", "call_args": {"driver": "<poco.drivers.android.uiautomation.AndroidUiautomationPoco object at 0x00000196B39BADA0>", "action": "'click'", "ui": "UIObjectProxy of \"text=\u5f69\u521b\u79d1\u6280\"", "args": "[0.16111111111111112, 0.2970833333333333]"}, "start_time": 1607916447.4060557, "ret": "UIObjectProxy of \"text=\u5f69\u521b\u79d1\u6280\"", "end_time": 1607916447.4060557}}
{"tag": "function", "depth": 2, "time": 1607916447.516631, "data": {"name": "try_log_screen", "call_args": {"screen": null, "quality": null, "max_size": null}, "start_time": 1607916447.4060557, "ret": {"screen": "1607916447497.jpg", "resolution": [1080, 2400]}, "end_time": 1607916447.516631}}
{"tag": "function", "depth": 1, "time": 1607916447.7011125, "data": {"name": "touch", "call_args": {"v": [174.0, 713.0], "kwargs": {"duration": 0.01}, "times": 1}, "start_time": 1607916447.4060557, "ret": [174.0, 713.0], "end_time": 1607916447.7011125}}
{"tag": "function", "depth": 1, "time": 1607916454.3254914, "data": {"name": "sleep", "call_args": {"secs": 5}, "start_time": 1607916449.324757, "ret": null, "end_time": 1607916454.3254914}}
{"tag": "function", "depth": 2, "time": 1607916461.8348768, "data": {"name": "try_log_screen", "call_args": {"screen": null, "quality": null, "max_size": null}, "start_time": 1607916461.702694, "ret": {"screen": "1607916461805.jpg", "resolution": [1080, 2400]}, "end_time": 1607916461.8348768}}
{"tag": "info", "depth": 1, "time": 1607916461.836871, "data": {"name": "Final Error", "traceback": "Traceback (most recent call last):\n  File \"c:\\users\\c\\appdata\\local\\programs\\python\\python37\\lib\\site-packages\\poco\\proxy.py\", line 26, in wrapped\n    proxy.wait_for_appearance(timeout=proxy.poco._pre_action_wait_for_appearance)\n  File \"c:\\users\\c\\appdata\\local\\programs\\python\\python37\\lib\\site-packages\\poco\\proxy.py\", line 681, in wait_for_appearance\n    raise PocoTargetTimeout('appearance', self)\npoco.exceptions.PocoTargetTimeout: Waiting timeout for appearance of \"UIObjectProxy of \"text=\u4eca\u65e5\u79d2\u6740\"\"\n\nDuring handling of the above exception, another exception occurred:\n\nTraceback (most recent call last):\n  File \"c:\\users\\c\\appdata\\local\\programs\\python\\python37\\lib\\site-packages\\airtest\\cli\\runner.py\", line 70, in runTest\n    exec(compile(code.encode(\"utf-8\"), pyfilepath, 'exec'), self.scope)\n  File \"D:\\multi-device-runner-master\\test_xcx.air\\test_xcx.py\", line 24, in <module>\n    poco(text=\"\u4eca\u65e5\u79d2\u6740\").click()\n  File \"c:\\users\\c\\appdata\\local\\programs\\python\\python37\\lib\\site-packages\\poco\\proxy.py\", line 29, in wrapped\n    raise e\n  File \"c:\\users\\c\\appdata\\local\\programs\\python\\python37\\lib\\site-packages\\poco\\proxy.py\", line 23, in wrapped\n    return func(proxy, *args, **kwargs)\n  File \"c:\\users\\c\\appdata\\local\\programs\\python\\python37\\lib\\site-packages\\poco\\proxy.py\", line 332, in click\n    pos_in_percentage = self.get_position(focus)\n  File \"c:\\users\\c\\appdata\\local\\programs\\python\\python37\\lib\\site-packages\\poco\\proxy.py\", line 72, in wrapped\n    return func(proxy, *args, **kwargs)\n  File \"c:\\users\\c\\appdata\\local\\programs\\python\\python37\\lib\\site-packages\\poco\\proxy.py\", line 613, in get_position\n    pos = self.attr('pos')\n  File \"c:\\users\\c\\appdata\\local\\programs\\python\\python37\\lib\\site-packages\\poco\\proxy.py\", line 39, in wrapped\n    return func(self, *args, **kwargs)\n  File \"c:\\users\\c\\appdata\\local\\programs\\python\\python37\\lib\\site-packages\\poco\\proxy.py\", line 734, in attr\n    nodes = self._do_query(multiple=False)\n  File \"c:\\users\\c\\appdata\\local\\programs\\python\\python37\\lib\\site-packages\\poco\\proxy.py\", line 874, in _do_query\n    raise PocoNoSuchNodeException(self)\npoco.exceptions.PocoNoSuchNodeException: Cannot find any visible node by query UIObjectProxy of \"text=\u4eca\u65e5\u79d2\u6740\"\n"}}
