{"tag": "function", "depth": 2, "time": 1607916474.319289, "data": {"name": "try_log_screen", "call_args": {"screen": null, "quality": null, "max_size": null}, "start_time": 1607916472.278701, "ret": {"screen": "1607916474292.jpg", "resolution": [1080, 2340]}, "end_time": 1607916474.319289}}
{"tag": "info", "depth": 1, "time": 1607916474.3322222, "data": {"name": "Final Error", "traceback": "Traceback (most recent call last):\n  File \"c:\\users\\c\\appdata\\local\\programs\\python\\python37\\lib\\site-packages\\airtest\\cli\\runner.py\", line 70, in runTest\n    exec(compile(code.encode(\"utf-8\"), pyfilepath, 'exec'), self.scope)\n  File \"D:\\multi-device-runner-master\\test_xcx.air\\test_xcx.py\", line 7, in <module>\n    poco = AndroidUiautomationPoco(use_airtest_input=True, screenshot_each_action=False)\n  File \"c:\\users\\c\\appdata\\local\\programs\\python\\python37\\lib\\site-packages\\poco\\drivers\\android\\uiautomation.py\", line 170, in __init__\n    self.ime.start()\n  File \"c:\\users\\c\\appdata\\local\\programs\\python\\python37\\lib\\site-packages\\airtest\\core\\android\\ime.py\", line 108, in start\n    self.yosemite.get_ready()\n  File \"c:\\users\\c\\appdata\\local\\programs\\python\\python37\\lib\\site-packages\\airtest\\utils\\snippet.py\", line 105, in ready_func\n    method()\n  File \"c:\\users\\c\\appdata\\local\\programs\\python\\python37\\lib\\site-packages\\airtest\\core\\android\\yosemite.py\", line 22, in install_or_upgrade\n    self._install_apk_upgrade(YOSEMITE_APK, YOSEMITE_PACKAGE)\n  File \"c:\\users\\c\\appdata\\local\\programs\\python\\python37\\lib\\site-packages\\airtest\\core\\android\\yosemite.py\", line 40, in _install_apk_upgrade\n    self.adb.install_app(apk_path, replace=True, install_options=[\"-t\", \"-g\"])\n  File \"c:\\users\\c\\appdata\\local\\programs\\python\\python37\\lib\\site-packages\\airtest\\core\\android\\adb.py\", line 571, in install_app\n    out = self.cmd(cmds)\n  File \"c:\\users\\c\\appdata\\local\\programs\\python\\python37\\lib\\site-packages\\airtest\\core\\android\\adb.py\", line 194, in cmd\n    raise AdbError(stdout, stderr)\nairtest.core.error.AdbError: stdout[] stderr[adb: failed to install c:\\users\\c\\appdata\\local\\programs\\python\\python37\\lib\\site-packages\\airtest\\core\\android\\static\\apks\\Yosemite.apk: Failure [INSTALL_FAILED_USER_RESTRICTED]\r\n]\n"}}
